# JRE version: Java(TM) SE Runtime Environment (8.0_241-b07) (build 1.8.0_241-b07)
# Java VM: Java HotSpot(TM) 64-Bit Server VM (25.241-b07 mixed mode windows-amd64 compressed oops)
Heap:
 PSYoungGen      total 149504K, used 8612K [0x00000000f5580000, 0x00000000ffd00000, 0x0000000100000000)
  eden space 133632K, 0% used [0x00000000f5580000,0x00000000f5580000,0x00000000fd800000)
  from space 15872K, 54% used [0x00000000fe780000,0x00000000fefe90c0,0x00000000ff700000)
  to   space 15872K, 0% used [0x00000000fd800000,0x00000000fd800000,0x00000000fe780000)
 ParOldGen       total 113152K, used 11624K [0x00000000e0000000, 0x00000000e6e80000, 0x00000000f5580000)
  object space 113152K, 10% used [0x00000000e0000000,0x00000000e0b5a268,0x00000000e6e80000)
 Metaspace       used 33395K, capacity 35324K, committed 35456K, reserved 1079296K
  class space    used 5024K, capacity 5384K, committed 5504K, reserved 1048576K
GC Heap History (10 events):
Event: 3.853 GC heap after
Heap after GC invocations=5 (full 1):
 PSYoungGen      total 76288K, used 4328K [0x00000000f5580000, 0x00000000fc600000, 0x0000000100000000)
  eden space 65536K, 0% used [0x00000000f5580000,0x00000000f5580000,0x00000000f9580000)
  from space 10752K, 40% used [0x00000000fa000000,0x00000000fa43a1b0,0x00000000faa80000)
  to   space 10752K, 0% used [0x00000000f9580000,0x00000000f9580000,0x00000000fa000000)
 ParOldGen       total 113152K, used 11520K [0x00000000e0000000, 0x00000000e6e80000, 0x00000000f5580000)
  object space 113152K, 10% used [0x00000000e0000000,0x00000000e0b40240,0x00000000e6e80000)
 Metaspace       used 24810K, capacity 25988K, committed 26112K, reserved 1071104K
  class space    used 3544K, capacity 3766K, committed 3840K, reserved 1048576K
}
Event: 4.162 GC heap before
{Heap before GC invocations=6 (full 1):
 PSYoungGen      total 76288K, used 69864K [0x00000000f5580000, 0x00000000fc600000, 0x0000000100000000)
  eden space 65536K, 100% used [0x00000000f5580000,0x00000000f9580000,0x00000000f9580000)
  from space 10752K, 40% used [0x00000000fa000000,0x00000000fa43a1b0,0x00000000faa80000)
  to   space 10752K, 0% used [0x00000000f9580000,0x00000000f9580000,0x00000000fa000000)
 ParOldGen       total 113152K, used 11520K [0x00000000e0000000, 0x00000000e6e80000, 0x00000000f5580000)
  object space 113152K, 10% used [0x00000000e0000000,0x00000000e0b40240,0x00000000e6e80000)
 Metaspace       used 25308K, capacity 26490K, committed 26752K, reserved 1073152K
  class space    used 3623K, capacity 3863K, committed 3968K, reserved 1048576K
Event: 4.166 GC heap after
Heap after GC invocations=6 (full 1):
 PSYoungGen      total 76288K, used 2316K [0x00000000f5580000, 0x00000000fcf00000, 0x0000000100000000)
  eden space 65536K, 0% used [0x00000000f5580000,0x00000000f5580000,0x00000000f9580000)
  from space 10752K, 21% used [0x00000000f9580000,0x00000000f97c3028,0x00000000fa000000)
  to   space 15360K, 0% used [0x00000000fc000000,0x00000000fc000000,0x00000000fcf00000)
 ParOldGen       total 113152K, used 11592K [0x00000000e0000000, 0x00000000e6e80000, 0x00000000f5580000)
  object space 113152K, 10% used [0x00000000e0000000,0x00000000e0b52250,0x00000000e6e80000)
 Metaspace       used 25308K, capacity 26490K, committed 26752K, reserved 1073152K
  class space    used 3623K, capacity 3863K, committed 3968K, reserved 1048576K
}
Event: 4.430 GC heap before
{Heap before GC invocations=7 (full 1):
 PSYoungGen      total 76288K, used 67852K [0x00000000f5580000, 0x00000000fcf00000, 0x0000000100000000)
  eden space 65536K, 100% used [0x00000000f5580000,0x00000000f9580000,0x00000000f9580000)
  from space 10752K, 21% used [0x00000000f9580000,0x00000000f97c3028,0x00000000fa000000)
  to   space 15360K, 0% used [0x00000000fc000000,0x00000000fc000000,0x00000000fcf00000)
 ParOldGen       total 113152K, used 11592K [0x00000000e0000000, 0x00000000e6e80000, 0x00000000f5580000)
  object space 113152K, 10% used [0x00000000e0000000,0x00000000e0b52250,0x00000000e6e80000)
 Metaspace       used 25611K, capacity 26866K, committed 27008K, reserved 1073152K
  class space    used 3658K, capacity 3907K, committed 3968K, reserved 1048576K
Event: 4.433 GC heap after
Heap after GC invocations=7 (full 1):
 PSYoungGen      total 109056K, used 2835K [0x00000000f5580000, 0x00000000fcf80000, 0x0000000100000000)
  eden space 93696K, 0% used [0x00000000f5580000,0x00000000f5580000,0x00000000fb100000)
  from space 15360K, 18% used [0x00000000fc000000,0x00000000fc2c4e80,0x00000000fcf00000)
  to   space 15360K, 0% used [0x00000000fb100000,0x00000000fb100000,0x00000000fc000000)
 ParOldGen       total 113152K, used 11608K [0x00000000e0000000, 0x00000000e6e80000, 0x00000000f5580000)
  object space 113152K, 10% used [0x00000000e0000000,0x00000000e0b56268,0x00000000e6e80000)
 Metaspace       used 25611K, capacity 26866K, committed 27008K, reserved 1073152K
  class space    used 3658K, capacity 3907K, committed 3968K, reserved 1048576K
}
Event: 5.451 GC heap before
{Heap before GC invocations=8 (full 1):
 PSYoungGen      total 109056K, used 96531K [0x00000000f5580000, 0x00000000fcf80000, 0x0000000100000000)
  eden space 93696K, 100% used [0x00000000f5580000,0x00000000fb100000,0x00000000fb100000)
  from space 15360K, 18% used [0x00000000fc000000,0x00000000fc2c4e80,0x00000000fcf00000)
  to   space 15360K, 0% used [0x00000000fb100000,0x00000000fb100000,0x00000000fc000000)
 ParOldGen       total 113152K, used 11608K [0x00000000e0000000, 0x00000000e6e80000, 0x00000000f5580000)
  object space 113152K, 10% used [0x00000000e0000000,0x00000000e0b56268,0x00000000e6e80000)
 Metaspace       used 31638K, capacity 33590K, committed 33792K, reserved 1077248K
  class space    used 4662K, capacity 4999K, committed 5120K, reserved 1048576K
Event: 5.462 GC heap after
Heap after GC invocations=8 (full 1):
 PSYoungGen      total 109056K, used 10900K [0x00000000f5580000, 0x00000000ff700000, 0x0000000100000000)
  eden space 93696K, 0% used [0x00000000f5580000,0x00000000f5580000,0x00000000fb100000)
  from space 15360K, 70% used [0x00000000fb100000,0x00000000fbba5398,0x00000000fc000000)
  to   space 15872K, 0% used [0x00000000fe780000,0x00000000fe780000,0x00000000ff700000)
 ParOldGen       total 113152K, used 11616K [0x00000000e0000000, 0x00000000e6e80000, 0x00000000f5580000)
  object space 113152K, 10% used [0x00000000e0000000,0x00000000e0b58268,0x00000000e6e80000)
 Metaspace       used 31638K, capacity 33590K, committed 33792K, reserved 1077248K
  class space    used 4662K, capacity 4999K, committed 5120K, reserved 1048576K
}
Event: 5.800 GC heap before
{Heap before GC invocations=9 (full 1):
 PSYoungGen      total 109056K, used 36628K [0x00000000f5580000, 0x00000000ff700000, 0x0000000100000000)
  eden space 93696K, 27% used [0x00000000f5580000,0x00000000f6e9ff38,0x00000000fb100000)
  from space 15360K, 70% used [0x00000000fb100000,0x00000000fbba5398,0x00000000fc000000)
  to   space 15872K, 0% used [0x00000000fe780000,0x00000000fe780000,0x00000000ff700000)
 ParOldGen       total 113152K, used 11616K [0x00000000e0000000, 0x00000000e6e80000, 0x00000000f5580000)
  object space 113152K, 10% used [0x00000000e0000000,0x00000000e0b58268,0x00000000e6e80000)
 Metaspace       used 33395K, capacity 35324K, committed 35456K, reserved 1079296K
  class space    used 5024K, capacity 5384K, committed 5504K, reserved 1048576K
Event: 5.810 GC heap after
Heap after GC invocations=9 (full 1):
 PSYoungGen      total 149504K, used 8612K [0x00000000f5580000, 0x00000000ffd00000, 0x0000000100000000)
  eden space 133632K, 0% used [0x00000000f5580000,0x00000000f5580000,0x00000000fd800000)
  from space 15872K, 54% used [0x00000000fe780000,0x00000000fefe90c0,0x00000000ff700000)
  to   space 15872K, 0% used [0x00000000fd800000,0x00000000fd800000,0x00000000fe780000)
 ParOldGen       total 113152K, used 11624K [0x00000000e0000000, 0x00000000e6e80000, 0x00000000f5580000)
  object space 113152K, 10% used [0x00000000e0000000,0x00000000e0b5a268,0x00000000e6e80000)
 Metaspace       used 33395K, capacity 35324K, committed 35456K, reserved 1079296K
  class space    used 5024K, capacity 5384K, committed 5504K, reserved 1048576K
}
Event: 5.810 GC heap before
{Heap before GC invocations=10 (full 2):
 PSYoungGen      total 149504K, used 8612K [0x00000000f5580000, 0x00000000ffd00000, 0x0000000100000000)
  eden space 133632K, 0% used [0x00000000f5580000,0x00000000f5580000,0x00000000fd800000)
  from space 15872K, 54% used [0x00000000fe780000,0x00000000fefe90c0,0x00000000ff700000)
  to   space 15872K, 0% used [0x00000000fd800000,0x00000000fd800000,0x00000000fe780000)
 ParOldGen       total 113152K, used 11624K [0x00000000e0000000, 0x00000000e6e80000, 0x00000000f5580000)
  object space 113152K, 10% used [0x00000000e0000000,0x00000000e0b5a268,0x00000000e6e80000)
 Metaspace       used 33395K, capacity 35324K, committed 35456K, reserved 1079296K
  class space    used 5024K, capacity 5384K, committed 5504K, reserved 1048576K

