# JRE version: Java(TM) SE Runtime Environment (8.0_241-b07) (build 1.8.0_241-b07)
# Java VM: Java HotSpot(TM) 64-Bit Server VM (25.241-b07 mixed mode windows-amd64 compressed oops)
Heap:
 PSYoungGen      total 163840K, used 152825K [0x00000000f5580000, 0x0000000100000000, 0x0000000100000000)
  eden space 153088K, 94% used [0x00000000f5580000,0x00000000fe2c90a8,0x00000000feb00000)
  from space 10752K, 75% used [0x00000000ff580000,0x00000000ffd756c0,0x0000000100000000)
  to   space 10752K, 0% used [0x00000000feb00000,0x00000000feb00000,0x00000000ff580000)
 ParOldGen       total 142848K, used 17837K [0x00000000e0000000, 0x00000000e8b80000, 0x00000000f5580000)
  object space 142848K, 12% used [0x00000000e0000000,0x00000000e116b460,0x00000000e8b80000)
 Metaspace       used 45756K, capacity 47818K, committed 47912K, reserved 1091584K
  class space    used 5796K, capacity 6167K, committed 6184K, reserved 1048576K
GC Heap History (10 events):
Event: 6.954 GC heap before
{Heap before GC invocations=2 (full 0):
 PSYoungGen      total 76288K, used 54809K [0x00000000f5580000, 0x00000000fea80000, 0x0000000100000000)
  eden space 65536K, 70% used [0x00000000f5580000,0x00000000f82d24d0,0x00000000f9580000)
  from space 10752K, 78% used [0x00000000f9580000,0x00000000f9db4130,0x00000000fa000000)
  to   space 10752K, 0% used [0x00000000fe000000,0x00000000fe000000,0x00000000fea80000)
 ParOldGen       total 175104K, used 16K [0x00000000e0000000, 0x00000000eab00000, 0x00000000f5580000)
  object space 175104K, 0% used [0x00000000e0000000,0x00000000e0004000,0x00000000eab00000)
 Metaspace       used 20026K, capacity 21210K, committed 21296K, reserved 1067008K
  class space    used 2626K, capacity 2863K, committed 2864K, reserved 1048576K
Event: 6.972 GC heap after
Heap after GC invocations=2 (full 0):
 PSYoungGen      total 141824K, used 9881K [0x00000000f5580000, 0x00000000fea80000, 0x0000000100000000)
  eden space 131072K, 0% used [0x00000000f5580000,0x00000000f5580000,0x00000000fd580000)
  from space 10752K, 91% used [0x00000000fe000000,0x00000000fe9a67b8,0x00000000fea80000)
  to   space 10752K, 0% used [0x00000000fd580000,0x00000000fd580000,0x00000000fe000000)
 ParOldGen       total 175104K, used 96K [0x00000000e0000000, 0x00000000eab00000, 0x00000000f5580000)
  object space 175104K, 0% used [0x00000000e0000000,0x00000000e0018010,0x00000000eab00000)
 Metaspace       used 20026K, capacity 21210K, committed 21296K, reserved 1067008K
  class space    used 2626K, capacity 2863K, committed 2864K, reserved 1048576K
}
Event: 6.972 GC heap before
{Heap before GC invocations=3 (full 1):
 PSYoungGen      total 141824K, used 9881K [0x00000000f5580000, 0x00000000fea80000, 0x0000000100000000)
  eden space 131072K, 0% used [0x00000000f5580000,0x00000000f5580000,0x00000000fd580000)
  from space 10752K, 91% used [0x00000000fe000000,0x00000000fe9a67b8,0x00000000fea80000)
  to   space 10752K, 0% used [0x00000000fd580000,0x00000000fd580000,0x00000000fe000000)
 ParOldGen       total 175104K, used 96K [0x00000000e0000000, 0x00000000eab00000, 0x00000000f5580000)
  object space 175104K, 0% used [0x00000000e0000000,0x00000000e0018010,0x00000000eab00000)
 Metaspace       used 20026K, capacity 21210K, committed 21296K, reserved 1067008K
  class space    used 2626K, capacity 2863K, committed 2864K, reserved 1048576K
Event: 7.045 GC heap after
Heap after GC invocations=3 (full 1):
 PSYoungGen      total 141824K, used 0K [0x00000000f5580000, 0x00000000fea80000, 0x0000000100000000)
  eden space 131072K, 0% used [0x00000000f5580000,0x00000000f5580000,0x00000000fd580000)
  from space 10752K, 0% used [0x00000000fe000000,0x00000000fe000000,0x00000000fea80000)
  to   space 10752K, 0% used [0x00000000fd580000,0x00000000fd580000,0x00000000fe000000)
 ParOldGen       total 97792K, used 9529K [0x00000000e0000000, 0x00000000e5f80000, 0x00000000f5580000)
  object space 97792K, 9% used [0x00000000e0000000,0x00000000e094e430,0x00000000e5f80000)
 Metaspace       used 20026K, capacity 21210K, committed 21296K, reserved 1067008K
  class space    used 2626K, capacity 2863K, committed 2864K, reserved 1048576K
}
Event: 12.394 GC heap before
{Heap before GC invocations=4 (full 1):
 PSYoungGen      total 141824K, used 115442K [0x00000000f5580000, 0x00000000fea80000, 0x0000000100000000)
  eden space 131072K, 88% used [0x00000000f5580000,0x00000000fc63c978,0x00000000fd580000)
  from space 10752K, 0% used [0x00000000fe000000,0x00000000fe000000,0x00000000fea80000)
  to   space 10752K, 0% used [0x00000000fd580000,0x00000000fd580000,0x00000000fe000000)
 ParOldGen       total 97792K, used 9529K [0x00000000e0000000, 0x00000000e5f80000, 0x00000000f5580000)
  object space 97792K, 9% used [0x00000000e0000000,0x00000000e094e430,0x00000000e5f80000)
 Metaspace       used 33960K, capacity 35380K, committed 35496K, reserved 1081344K
  class space    used 4155K, capacity 4426K, committed 4520K, reserved 1048576K
Event: 12.409 GC heap after
Heap after GC invocations=4 (full 1):
 PSYoungGen      total 141824K, used 10729K [0x00000000f5580000, 0x0000000100000000, 0x0000000100000000)
  eden space 131072K, 0% used [0x00000000f5580000,0x00000000f5580000,0x00000000fd580000)
  from space 10752K, 99% used [0x00000000fd580000,0x00000000fdffa558,0x00000000fe000000)
  to   space 10752K, 0% used [0x00000000ff580000,0x00000000ff580000,0x0000000100000000)
 ParOldGen       total 97792K, used 11131K [0x00000000e0000000, 0x00000000e5f80000, 0x00000000f5580000)
  object space 97792K, 11% used [0x00000000e0000000,0x00000000e0adef18,0x00000000e5f80000)
 Metaspace       used 33960K, capacity 35380K, committed 35496K, reserved 1081344K
  class space    used 4155K, capacity 4426K, committed 4520K, reserved 1048576K
}
Event: 12.409 GC heap before
{Heap before GC invocations=5 (full 2):
 PSYoungGen      total 141824K, used 10729K [0x00000000f5580000, 0x0000000100000000, 0x0000000100000000)
  eden space 131072K, 0% used [0x00000000f5580000,0x00000000f5580000,0x00000000fd580000)
  from space 10752K, 99% used [0x00000000fd580000,0x00000000fdffa558,0x00000000fe000000)
  to   space 10752K, 0% used [0x00000000ff580000,0x00000000ff580000,0x0000000100000000)
 ParOldGen       total 97792K, used 11131K [0x00000000e0000000, 0x00000000e5f80000, 0x00000000f5580000)
  object space 97792K, 11% used [0x00000000e0000000,0x00000000e0adef18,0x00000000e5f80000)
 Metaspace       used 33960K, capacity 35380K, committed 35496K, reserved 1081344K
  class space    used 4155K, capacity 4426K, committed 4520K, reserved 1048576K
Event: 12.457 GC heap after
Heap after GC invocations=5 (full 2):
 PSYoungGen      total 141824K, used 0K [0x00000000f5580000, 0x0000000100000000, 0x0000000100000000)
  eden space 131072K, 0% used [0x00000000f5580000,0x00000000f5580000,0x00000000fd580000)
  from space 10752K, 0% used [0x00000000fd580000,0x00000000fd580000,0x00000000fe000000)
  to   space 10752K, 0% used [0x00000000ff580000,0x00000000ff580000,0x0000000100000000)
 ParOldGen       total 142848K, used 17829K [0x00000000e0000000, 0x00000000e8b80000, 0x00000000f5580000)
  object space 142848K, 12% used [0x00000000e0000000,0x00000000e1169460,0x00000000e8b80000)
 Metaspace       used 33960K, capacity 35380K, committed 35496K, reserved 1081344K
  class space    used 4155K, capacity 4426K, committed 4520K, reserved 1048576K
}
Event: 16.275 GC heap before
{Heap before GC invocations=6 (full 2):
 PSYoungGen      total 141824K, used 131072K [0x00000000f5580000, 0x0000000100000000, 0x0000000100000000)
  eden space 131072K, 100% used [0x00000000f5580000,0x00000000fd580000,0x00000000fd580000)
  from space 10752K, 0% used [0x00000000fd580000,0x00000000fd580000,0x00000000fe000000)
  to   space 10752K, 0% used [0x00000000ff580000,0x00000000ff580000,0x0000000100000000)
 ParOldGen       total 142848K, used 17829K [0x00000000e0000000, 0x00000000e8b80000, 0x00000000f5580000)
  object space 142848K, 12% used [0x00000000e0000000,0x00000000e1169460,0x00000000e8b80000)
 Metaspace       used 40839K, capacity 42444K, committed 42664K, reserved 1087488K
  class space    used 5185K, capacity 5478K, committed 5544K, reserved 1048576K
Event: 16.287 GC heap after
Heap after GC invocations=6 (full 2):
 PSYoungGen      total 163840K, used 8149K [0x00000000f5580000, 0x0000000100000000, 0x0000000100000000)
  eden space 153088K, 0% used [0x00000000f5580000,0x00000000f5580000,0x00000000feb00000)
  from space 10752K, 75% used [0x00000000ff580000,0x00000000ffd756c0,0x0000000100000000)
  to   space 10752K, 0% used [0x00000000feb00000,0x00000000feb00000,0x00000000ff580000)
 ParOldGen       total 142848K, used 17837K [0x00000000e0000000, 0x00000000e8b80000, 0x00000000f5580000)
  object space 142848K, 12% used [0x00000000e0000000,0x00000000e116b460,0x00000000e8b80000)
 Metaspace       used 40839K, capacity 42444K, committed 42664K, reserved 1087488K
  class space    used 5185K, capacity 5478K, committed 5544K, reserved 1048576K
}

