# JRE version: Java(TM) SE Runtime Environment (8.0_241-b07) (build 1.8.0_241-b07)
# Java VM: Java HotSpot(TM) 64-Bit Server VM (25.241-b07 mixed mode windows-amd64 compressed oops)
Heap:
 PSYoungGen      total 76288K, used 36295K [0x00000000f5580000, 0x00000000fca00000, 0x0000000100000000)
  eden space 65536K, 42% used [0x00000000f5580000,0x00000000f7089db0,0x00000000f9580000)
  from space 10752K, 80% used [0x00000000f9580000,0x00000000f9de8040,0x00000000fa000000)
  to   space 10752K, 0% used [0x00000000fbf80000,0x00000000fbf80000,0x00000000fca00000)
 ParOldGen       total 103424K, used 8969K [0x00000000e0000000, 0x00000000e6500000, 0x00000000f5580000)
  object space 103424K, 8% used [0x00000000e0000000,0x00000000e08c2438,0x00000000e6500000)
 Metaspace       used 30420K, capacity 31834K, committed 32000K, reserved 1077248K
  class space    used 4295K, capacity 4587K, committed 4608K, reserved 1048576K
GC Heap History (8 events):
Event: 4.558 GC heap before
{Heap before GC invocations=1 (full 0):
 PSYoungGen      total 76288K, used 65536K [0x00000000f5580000, 0x00000000faa80000, 0x0000000100000000)
  eden space 65536K, 100% used [0x00000000f5580000,0x00000000f9580000,0x00000000f9580000)
  from space 10752K, 0% used [0x00000000fa000000,0x00000000fa000000,0x00000000faa80000)
  to   space 10752K, 0% used [0x00000000f9580000,0x00000000f9580000,0x00000000fa000000)
 ParOldGen       total 175104K, used 0K [0x00000000e0000000, 0x00000000eab00000, 0x00000000f5580000)
  object space 175104K, 0% used [0x00000000e0000000,0x00000000e0000000,0x00000000eab00000)
 Metaspace       used 13758K, capacity 14884K, committed 15232K, reserved 1062912K
  class space    used 1837K, capacity 2060K, committed 2176K, reserved 1048576K
Event: 4.678 GC heap after
Heap after GC invocations=1 (full 0):
 PSYoungGen      total 76288K, used 8319K [0x00000000f5580000, 0x00000000faa80000, 0x0000000100000000)
  eden space 65536K, 0% used [0x00000000f5580000,0x00000000f5580000,0x00000000f9580000)
  from space 10752K, 77% used [0x00000000f9580000,0x00000000f9d9fee0,0x00000000fa000000)
  to   space 10752K, 0% used [0x00000000fa000000,0x00000000fa000000,0x00000000faa80000)
 ParOldGen       total 175104K, used 16K [0x00000000e0000000, 0x00000000eab00000, 0x00000000f5580000)
  object space 175104K, 0% used [0x00000000e0000000,0x00000000e0004000,0x00000000eab00000)
 Metaspace       used 13758K, capacity 14884K, committed 15232K, reserved 1062912K
  class space    used 1837K, capacity 2060K, committed 2176K, reserved 1048576K
}
Event: 6.076 GC heap before
{Heap before GC invocations=2 (full 0):
 PSYoungGen      total 76288K, used 46957K [0x00000000f5580000, 0x00000000faa80000, 0x0000000100000000)
  eden space 65536K, 58% used [0x00000000f5580000,0x00000000f7b3b6d0,0x00000000f9580000)
  from space 10752K, 77% used [0x00000000f9580000,0x00000000f9d9fee0,0x00000000fa000000)
  to   space 10752K, 0% used [0x00000000fa000000,0x00000000fa000000,0x00000000faa80000)
 ParOldGen       total 175104K, used 16K [0x00000000e0000000, 0x00000000eab00000, 0x00000000f5580000)
  object space 175104K, 0% used [0x00000000e0000000,0x00000000e0004000,0x00000000eab00000)
 Metaspace       used 19958K, capacity 21050K, committed 21296K, reserved 1067008K
  class space    used 2641K, capacity 2851K, committed 2944K, reserved 1048576K
Event: 6.140 GC heap after
Heap after GC invocations=2 (full 0):
 PSYoungGen      total 76288K, used 9204K [0x00000000f5580000, 0x00000000fea80000, 0x0000000100000000)
  eden space 65536K, 0% used [0x00000000f5580000,0x00000000f5580000,0x00000000f9580000)
  from space 10752K, 85% used [0x00000000fa000000,0x00000000fa8fd3c8,0x00000000faa80000)
  to   space 10752K, 0% used [0x00000000f9580000,0x00000000f9580000,0x00000000fa000000)
 ParOldGen       total 175104K, used 24K [0x00000000e0000000, 0x00000000eab00000, 0x00000000f5580000)
  object space 175104K, 0% used [0x00000000e0000000,0x00000000e0006000,0x00000000eab00000)
 Metaspace       used 19958K, capacity 21050K, committed 21296K, reserved 1067008K
  class space    used 2641K, capacity 2851K, committed 2944K, reserved 1048576K
}
Event: 6.140 GC heap before
{Heap before GC invocations=3 (full 1):
 PSYoungGen      total 76288K, used 9204K [0x00000000f5580000, 0x00000000fea80000, 0x0000000100000000)
  eden space 65536K, 0% used [0x00000000f5580000,0x00000000f5580000,0x00000000f9580000)
  from space 10752K, 85% used [0x00000000fa000000,0x00000000fa8fd3c8,0x00000000faa80000)
  to   space 10752K, 0% used [0x00000000f9580000,0x00000000f9580000,0x00000000fa000000)
 ParOldGen       total 175104K, used 24K [0x00000000e0000000, 0x00000000eab00000, 0x00000000f5580000)
  object space 175104K, 0% used [0x00000000e0000000,0x00000000e0006000,0x00000000eab00000)
 Metaspace       used 19958K, capacity 21050K, committed 21296K, reserved 1067008K
  class space    used 2641K, capacity 2851K, committed 2944K, reserved 1048576K
Event: 6.304 GC heap after
Heap after GC invocations=3 (full 1):
 PSYoungGen      total 76288K, used 0K [0x00000000f5580000, 0x00000000fea80000, 0x0000000100000000)
  eden space 65536K, 0% used [0x00000000f5580000,0x00000000f5580000,0x00000000f9580000)
  from space 10752K, 0% used [0x00000000fa000000,0x00000000fa000000,0x00000000faa80000)
  to   space 10752K, 0% used [0x00000000f9580000,0x00000000f9580000,0x00000000fa000000)
 ParOldGen       total 103424K, used 8961K [0x00000000e0000000, 0x00000000e6500000, 0x00000000f5580000)
  object space 103424K, 8% used [0x00000000e0000000,0x00000000e08c0438,0x00000000e6500000)
 Metaspace       used 19958K, capacity 21050K, committed 21296K, reserved 1067008K
  class space    used 2641K, capacity 2851K, committed 2944K, reserved 1048576K
}
Event: 9.124 GC heap before
{Heap before GC invocations=4 (full 1):
 PSYoungGen      total 76288K, used 65536K [0x00000000f5580000, 0x00000000fea80000, 0x0000000100000000)
  eden space 65536K, 100% used [0x00000000f5580000,0x00000000f9580000,0x00000000f9580000)
  from space 10752K, 0% used [0x00000000fa000000,0x00000000fa000000,0x00000000faa80000)
  to   space 10752K, 0% used [0x00000000f9580000,0x00000000f9580000,0x00000000fa000000)
 ParOldGen       total 103424K, used 8961K [0x00000000e0000000, 0x00000000e6500000, 0x00000000f5580000)
  object space 103424K, 8% used [0x00000000e0000000,0x00000000e08c0438,0x00000000e6500000)
 Metaspace       used 28760K, capacity 30100K, committed 30464K, reserved 1075200K
  class space    used 4052K, capacity 4318K, committed 4352K, reserved 1048576K
Event: 9.139 GC heap after
Heap after GC invocations=4 (full 1):
 PSYoungGen      total 76288K, used 8608K [0x00000000f5580000, 0x00000000fca00000, 0x0000000100000000)
  eden space 65536K, 0% used [0x00000000f5580000,0x00000000f5580000,0x00000000f9580000)
  from space 10752K, 80% used [0x00000000f9580000,0x00000000f9de8040,0x00000000fa000000)
  to   space 10752K, 0% used [0x00000000fbf80000,0x00000000fbf80000,0x00000000fca00000)
 ParOldGen       total 103424K, used 8969K [0x00000000e0000000, 0x00000000e6500000, 0x00000000f5580000)
  object space 103424K, 8% used [0x00000000e0000000,0x00000000e08c2438,0x00000000e6500000)
 Metaspace       used 28760K, capacity 30100K, committed 30464K, reserved 1075200K
  class space    used 4052K, capacity 4318K, committed 4352K, reserved 1048576K
}

