# JRE version: Java(TM) SE Runtime Environment (8.0_241-b07) (build 1.8.0_241-b07)
# Java VM: Java HotSpot(TM) 64-Bit Server VM (25.241-b07 mixed mode windows-amd64 compressed oops)
Heap:
 PSYoungGen      total 141824K, used 84076K [0x000000076b400000, 0x0000000774900000, 0x00000007c0000000)
  eden space 131072K, 56% used [0x000000076b400000,0x000000076fbc9f30,0x0000000773400000)
  from space 10752K, 98% used [0x0000000773e80000,0x00000007748d1140,0x0000000774900000)
  to   space 10752K, 0% used [0x0000000773400000,0x0000000773400000,0x0000000773e80000)
 ParOldGen       total 175104K, used 1120K [0x00000006c1c00000, 0x00000006cc700000, 0x000000076b400000)
  object space 175104K, 0% used [0x00000006c1c00000,0x00000006c1d18028,0x00000006cc700000)
 Metaspace       used 20222K, capacity 20537K, committed 20608K, reserved 1069056K
  class space    used 1796K, capacity 1874K, committed 1920K, reserved 1048576K
GC Heap History (4 events):
Event: 3.821 GC heap before
{Heap before GC invocations=1 (full 0):
 PSYoungGen      total 76288K, used 65536K [0x000000076b400000, 0x0000000770900000, 0x00000007c0000000)
  eden space 65536K, 100% used [0x000000076b400000,0x000000076f400000,0x000000076f400000)
  from space 10752K, 0% used [0x000000076fe80000,0x000000076fe80000,0x0000000770900000)
  to   space 10752K, 0% used [0x000000076f400000,0x000000076f400000,0x000000076fe80000)
 ParOldGen       total 175104K, used 0K [0x00000006c1c00000, 0x00000006cc700000, 0x000000076b400000)
  object space 175104K, 0% used [0x00000006c1c00000,0x00000006c1c00000,0x00000006cc700000)
 Metaspace       used 13921K, capacity 14104K, committed 14336K, reserved 1062912K
  class space    used 1346K, capacity 1420K, committed 1536K, reserved 1048576K
Event: 3.897 GC heap after
Heap after GC invocations=1 (full 0):
 PSYoungGen      total 76288K, used 10740K [0x000000076b400000, 0x0000000774900000, 0x00000007c0000000)
  eden space 65536K, 0% used [0x000000076b400000,0x000000076b400000,0x000000076f400000)
  from space 10752K, 99% used [0x000000076f400000,0x000000076fe7d010,0x000000076fe80000)
  to   space 10752K, 0% used [0x0000000773e80000,0x0000000773e80000,0x0000000774900000)
 ParOldGen       total 175104K, used 1104K [0x00000006c1c00000, 0x00000006cc700000, 0x000000076b400000)
  object space 175104K, 0% used [0x00000006c1c00000,0x00000006c1d14028,0x00000006cc700000)
 Metaspace       used 13921K, capacity 14104K, committed 14336K, reserved 1062912K
  class space    used 1346K, capacity 1420K, committed 1536K, reserved 1048576K
}
Event: 8.012 GC heap before
{Heap before GC invocations=2 (full 0):
 PSYoungGen      total 76288K, used 76276K [0x000000076b400000, 0x0000000774900000, 0x00000007c0000000)
  eden space 65536K, 100% used [0x000000076b400000,0x000000076f400000,0x000000076f400000)
  from space 10752K, 99% used [0x000000076f400000,0x000000076fe7d010,0x000000076fe80000)
  to   space 10752K, 0% used [0x0000000773e80000,0x0000000773e80000,0x0000000774900000)
 ParOldGen       total 175104K, used 1104K [0x00000006c1c00000, 0x00000006cc700000, 0x000000076b400000)
  object space 175104K, 0% used [0x00000006c1c00000,0x00000006c1d14028,0x00000006cc700000)
 Metaspace       used 15925K, capacity 16109K, committed 16512K, reserved 1064960K
  class space    used 1480K, capacity 1552K, committed 1664K, reserved 1048576K
Event: 8.047 GC heap after
Heap after GC invocations=2 (full 0):
 PSYoungGen      total 141824K, used 10564K [0x000000076b400000, 0x0000000774900000, 0x00000007c0000000)
  eden space 131072K, 0% used [0x000000076b400000,0x000000076b400000,0x0000000773400000)
  from space 10752K, 98% used [0x0000000773e80000,0x00000007748d1140,0x0000000774900000)
  to   space 10752K, 0% used [0x0000000773400000,0x0000000773400000,0x0000000773e80000)
 ParOldGen       total 175104K, used 1120K [0x00000006c1c00000, 0x00000006cc700000, 0x000000076b400000)
  object space 175104K, 0% used [0x00000006c1c00000,0x00000006c1d18028,0x00000006cc700000)
 Metaspace       used 15925K, capacity 16109K, committed 16512K, reserved 1064960K
  class space    used 1480K, capacity 1552K, committed 1664K, reserved 1048576K
}

