# JRE version: Java(TM) SE Runtime Environment (8.0_241-b07) (build 1.8.0_241-b07)
# Java VM: Java HotSpot(TM) 64-Bit Server VM (25.241-b07 mixed mode windows-amd64 compressed oops)
Heap:
 PSYoungGen      total 139264K, used 54024K [0x00000000f5580000, 0x00000000fee80000, 0x0000000100000000)
  eden space 127488K, 36% used [0x00000000f5580000,0x00000000f82c4e28,0x00000000fd200000)
  from space 11776K, 65% used [0x00000000fdd00000,0x00000000fe47d3f8,0x00000000fe880000)
  to   space 11264K, 0% used [0x00000000fd200000,0x00000000fd200000,0x00000000fdd00000)
 ParOldGen       total 162304K, used 9359K [0x00000000e0000000, 0x00000000e9e80000, 0x00000000f5580000)
  object space 162304K, 5% used [0x00000000e0000000,0x00000000e0923d98,0x00000000e9e80000)
 Metaspace       used 44716K, capacity 46782K, committed 47024K, reserved 1089536K
  class space    used 6387K, capacity 6771K, committed 6832K, reserved 1048576K
GC Heap History (10 events):
Event: 12.433 GC heap before
{Heap before GC invocations=4 (full 1):
 PSYoungGen      total 76288K, used 65536K [0x00000000f5580000, 0x00000000fea80000, 0x0000000100000000)
  eden space 65536K, 100% used [0x00000000f5580000,0x00000000f9580000,0x00000000f9580000)
  from space 10752K, 0% used [0x00000000fa000000,0x00000000fa000000,0x00000000faa80000)
  to   space 10752K, 0% used [0x00000000f9580000,0x00000000f9580000,0x00000000fa000000)
 ParOldGen       total 120832K, used 9724K [0x00000000e0000000, 0x00000000e7600000, 0x00000000f5580000)
  object space 120832K, 8% used [0x00000000e0000000,0x00000000e097f100,0x00000000e7600000)
 Metaspace       used 27086K, capacity 28662K, committed 28720K, reserved 1075200K
  class space    used 3551K, capacity 3851K, committed 3888K, reserved 1048576K
Event: 12.463 GC heap after
Heap after GC invocations=4 (full 1):
 PSYoungGen      total 76288K, used 6903K [0x00000000f5580000, 0x00000000fbd00000, 0x0000000100000000)
  eden space 65536K, 0% used [0x00000000f5580000,0x00000000f5580000,0x00000000f9580000)
  from space 10752K, 64% used [0x00000000f9580000,0x00000000f9c3df50,0x00000000fa000000)
  to   space 10752K, 0% used [0x00000000fb280000,0x00000000fb280000,0x00000000fbd00000)
 ParOldGen       total 120832K, used 9732K [0x00000000e0000000, 0x00000000e7600000, 0x00000000f5580000)
  object space 120832K, 8% used [0x00000000e0000000,0x00000000e0981100,0x00000000e7600000)
 Metaspace       used 27086K, capacity 28662K, committed 28720K, reserved 1075200K
  class space    used 3551K, capacity 3851K, committed 3888K, reserved 1048576K
}
Event: 15.415 GC heap before
{Heap before GC invocations=5 (full 1):
 PSYoungGen      total 76288K, used 72439K [0x00000000f5580000, 0x00000000fbd00000, 0x0000000100000000)
  eden space 65536K, 100% used [0x00000000f5580000,0x00000000f9580000,0x00000000f9580000)
  from space 10752K, 64% used [0x00000000f9580000,0x00000000f9c3df50,0x00000000fa000000)
  to   space 10752K, 0% used [0x00000000fb280000,0x00000000fb280000,0x00000000fbd00000)
 ParOldGen       total 120832K, used 9732K [0x00000000e0000000, 0x00000000e7600000, 0x00000000f5580000)
  object space 120832K, 8% used [0x00000000e0000000,0x00000000e0981100,0x00000000e7600000)
 Metaspace       used 33347K, capacity 34984K, committed 35376K, reserved 1079296K
  class space    used 4505K, capacity 4802K, committed 4912K, reserved 1048576K
Event: 15.438 GC heap after
Heap after GC invocations=5 (full 1):
 PSYoungGen      total 91136K, used 7789K [0x00000000f5580000, 0x00000000fbb00000, 0x0000000100000000)
  eden space 82432K, 0% used [0x00000000f5580000,0x00000000f5580000,0x00000000fa600000)
  from space 8704K, 89% used [0x00000000fb280000,0x00000000fba1b798,0x00000000fbb00000)
  to   space 10752K, 0% used [0x00000000fa600000,0x00000000fa600000,0x00000000fb080000)
 ParOldGen       total 120832K, used 9740K [0x00000000e0000000, 0x00000000e7600000, 0x00000000f5580000)
  object space 120832K, 8% used [0x00000000e0000000,0x00000000e0983100,0x00000000e7600000)
 Metaspace       used 33347K, capacity 34984K, committed 35376K, reserved 1079296K
  class space    used 4505K, capacity 4802K, committed 4912K, reserved 1048576K
}
Event: 15.639 GC heap before
{Heap before GC invocations=6 (full 1):
 PSYoungGen      total 91136K, used 13986K [0x00000000f5580000, 0x00000000fbb00000, 0x0000000100000000)
  eden space 82432K, 7% used [0x00000000f5580000,0x00000000f5b8d148,0x00000000fa600000)
  from space 8704K, 89% used [0x00000000fb280000,0x00000000fba1b798,0x00000000fbb00000)
  to   space 10752K, 0% used [0x00000000fa600000,0x00000000fa600000,0x00000000fb080000)
 ParOldGen       total 120832K, used 9740K [0x00000000e0000000, 0x00000000e7600000, 0x00000000f5580000)
  object space 120832K, 8% used [0x00000000e0000000,0x00000000e0983100,0x00000000e7600000)
 Metaspace       used 33698K, capacity 35336K, committed 35496K, reserved 1079296K
  class space    used 4579K, capacity 4898K, committed 4912K, reserved 1048576K
Event: 15.673 GC heap after
Heap after GC invocations=6 (full 1):
 PSYoungGen      total 93184K, used 2676K [0x00000000f5580000, 0x00000000fe880000, 0x0000000100000000)
  eden space 82432K, 0% used [0x00000000f5580000,0x00000000f5580000,0x00000000fa600000)
  from space 10752K, 24% used [0x00000000fa600000,0x00000000fa89d3f0,0x00000000fb080000)
  to   space 11776K, 0% used [0x00000000fdd00000,0x00000000fdd00000,0x00000000fe880000)
 ParOldGen       total 120832K, used 9740K [0x00000000e0000000, 0x00000000e7600000, 0x00000000f5580000)
  object space 120832K, 8% used [0x00000000e0000000,0x00000000e0983100,0x00000000e7600000)
 Metaspace       used 33698K, capacity 35336K, committed 35496K, reserved 1079296K
  class space    used 4579K, capacity 4898K, committed 4912K, reserved 1048576K
}
Event: 15.673 GC heap before
{Heap before GC invocations=7 (full 2):
 PSYoungGen      total 93184K, used 2676K [0x00000000f5580000, 0x00000000fe880000, 0x0000000100000000)
  eden space 82432K, 0% used [0x00000000f5580000,0x00000000f5580000,0x00000000fa600000)
  from space 10752K, 24% used [0x00000000fa600000,0x00000000fa89d3f0,0x00000000fb080000)
  to   space 11776K, 0% used [0x00000000fdd00000,0x00000000fdd00000,0x00000000fe880000)
 ParOldGen       total 120832K, used 9740K [0x00000000e0000000, 0x00000000e7600000, 0x00000000f5580000)
  object space 120832K, 8% used [0x00000000e0000000,0x00000000e0983100,0x00000000e7600000)
 Metaspace       used 33698K, capacity 35336K, committed 35496K, reserved 1079296K
  class space    used 4579K, capacity 4898K, committed 4912K, reserved 1048576K
Event: 15.767 GC heap after
Heap after GC invocations=7 (full 2):
 PSYoungGen      total 93184K, used 0K [0x00000000f5580000, 0x00000000fe880000, 0x0000000100000000)
  eden space 82432K, 0% used [0x00000000f5580000,0x00000000f5580000,0x00000000fa600000)
  from space 10752K, 0% used [0x00000000fa600000,0x00000000fa600000,0x00000000fb080000)
  to   space 11776K, 0% used [0x00000000fdd00000,0x00000000fdd00000,0x00000000fe880000)
 ParOldGen       total 162304K, used 9351K [0x00000000e0000000, 0x00000000e9e80000, 0x00000000f5580000)
  object space 162304K, 5% used [0x00000000e0000000,0x00000000e0921d98,0x00000000e9e80000)
 Metaspace       used 33698K, capacity 35336K, committed 35496K, reserved 1079296K
  class space    used 4579K, capacity 4898K, committed 4912K, reserved 1048576K
}
Event: 22.692 GC heap before
{Heap before GC invocations=8 (full 2):
 PSYoungGen      total 93184K, used 82432K [0x00000000f5580000, 0x00000000fe880000, 0x0000000100000000)
  eden space 82432K, 100% used [0x00000000f5580000,0x00000000fa600000,0x00000000fa600000)
  from space 10752K, 0% used [0x00000000fa600000,0x00000000fa600000,0x00000000fb080000)
  to   space 11776K, 0% used [0x00000000fdd00000,0x00000000fdd00000,0x00000000fe880000)
 ParOldGen       total 162304K, used 9351K [0x00000000e0000000, 0x00000000e9e80000, 0x00000000f5580000)
  object space 162304K, 5% used [0x00000000e0000000,0x00000000e0921d98,0x00000000e9e80000)
 Metaspace       used 40938K, capacity 42846K, committed 43056K, reserved 1085440K
  class space    used 5728K, capacity 6069K, committed 6192K, reserved 1048576K
Event: 23.026 GC heap after
Heap after GC invocations=8 (full 2):
 PSYoungGen      total 139264K, used 7668K [0x00000000f5580000, 0x00000000fee80000, 0x0000000100000000)
  eden space 127488K, 0% used [0x00000000f5580000,0x00000000f5580000,0x00000000fd200000)
  from space 11776K, 65% used [0x00000000fdd00000,0x00000000fe47d3f8,0x00000000fe880000)
  to   space 11264K, 0% used [0x00000000fd200000,0x00000000fd200000,0x00000000fdd00000)
 ParOldGen       total 162304K, used 9359K [0x00000000e0000000, 0x00000000e9e80000, 0x00000000f5580000)
  object space 162304K, 5% used [0x00000000e0000000,0x00000000e0923d98,0x00000000e9e80000)
 Metaspace       used 40938K, capacity 42846K, committed 43056K, reserved 1085440K
  class space    used 5728K, capacity 6069K, committed 6192K, reserved 1048576K
}

