# JRE version: Java(TM) SE Runtime Environment (8.0_241-b07) (build 1.8.0_241-b07)
# Java VM: Java HotSpot(TM) 64-Bit Server VM (25.241-b07 mixed mode windows-amd64 compressed oops)
Heap:
 PSYoungGen      total 109056K, used 11274K [0x00000000f5580000, 0x0000000100000000, 0x0000000100000000)
  eden space 98304K, 11% used [0x00000000f5580000,0x00000000f6082a78,0x00000000fb580000)
  from space 10752K, 0% used [0x00000000fb580000,0x00000000fb580000,0x00000000fc000000)
  to   space 11264K, 0% used [0x00000000ff500000,0x00000000ff500000,0x0000000100000000)
 ParOldGen       total 151040K, used 12512K [0x00000000e0000000, 0x00000000e9380000, 0x00000000f5580000)
  object space 151040K, 8% used [0x00000000e0000000,0x00000000e0c38160,0x00000000e9380000)
 Metaspace       used 33607K, capacity 35582K, committed 35800K, reserved 1079296K
  class space    used 4781K, capacity 5125K, committed 5248K, reserved 1048576K
GC Heap History (10 events):
Event: 10.039 GC heap before
{Heap before GC invocations=3 (full 1):
 PSYoungGen      total 76288K, used 10677K [0x00000000f5580000, 0x00000000faa80000, 0x0000000100000000)
  eden space 65536K, 0% used [0x00000000f5580000,0x00000000f5580000,0x00000000f9580000)
  from space 10752K, 99% used [0x00000000fa000000,0x00000000faa6d668,0x00000000faa80000)
  to   space 10752K, 0% used [0x00000000f9580000,0x00000000f9580000,0x00000000fa000000)
 ParOldGen       total 175104K, used 32K [0x00000000e0000000, 0x00000000eab00000, 0x00000000f5580000)
  object space 175104K, 0% used [0x00000000e0000000,0x00000000e0008000,0x00000000eab00000)
 Metaspace       used 19841K, capacity 21100K, committed 21248K, reserved 1067008K
  class space    used 2958K, capacity 3216K, committed 3328K, reserved 1048576K
Event: 10.115 GC heap after
Heap after GC invocations=3 (full 1):
 PSYoungGen      total 76288K, used 0K [0x00000000f5580000, 0x00000000faa80000, 0x0000000100000000)
  eden space 65536K, 0% used [0x00000000f5580000,0x00000000f5580000,0x00000000f9580000)
  from space 10752K, 0% used [0x00000000fa000000,0x00000000fa000000,0x00000000faa80000)
  to   space 10752K, 0% used [0x00000000f9580000,0x00000000f9580000,0x00000000fa000000)
 ParOldGen       total 111104K, used 10217K [0x00000000e0000000, 0x00000000e6c80000, 0x00000000f5580000)
  object space 111104K, 9% used [0x00000000e0000000,0x00000000e09fa630,0x00000000e6c80000)
 Metaspace       used 19841K, capacity 21100K, committed 21248K, reserved 1067008K
  class space    used 2958K, capacity 3216K, committed 3328K, reserved 1048576K
}
Event: 11.704 GC heap before
{Heap before GC invocations=4 (full 1):
 PSYoungGen      total 76288K, used 65536K [0x00000000f5580000, 0x00000000faa80000, 0x0000000100000000)
  eden space 65536K, 100% used [0x00000000f5580000,0x00000000f9580000,0x00000000f9580000)
  from space 10752K, 0% used [0x00000000fa000000,0x00000000fa000000,0x00000000faa80000)
  to   space 10752K, 0% used [0x00000000f9580000,0x00000000f9580000,0x00000000fa000000)
 ParOldGen       total 111104K, used 10217K [0x00000000e0000000, 0x00000000e6c80000, 0x00000000f5580000)
  object space 111104K, 9% used [0x00000000e0000000,0x00000000e09fa630,0x00000000e6c80000)
 Metaspace       used 26516K, capacity 27846K, committed 28032K, reserved 1073152K
  class space    used 3894K, capacity 4145K, committed 4224K, reserved 1048576K
Event: 11.719 GC heap after
Heap after GC invocations=4 (full 1):
 PSYoungGen      total 76288K, used 6514K [0x00000000f5580000, 0x00000000fca80000, 0x0000000100000000)
  eden space 65536K, 0% used [0x00000000f5580000,0x00000000f5580000,0x00000000f9580000)
  from space 10752K, 60% used [0x00000000f9580000,0x00000000f9bdcac8,0x00000000fa000000)
  to   space 10752K, 0% used [0x00000000fc000000,0x00000000fc000000,0x00000000fca80000)
 ParOldGen       total 111104K, used 10225K [0x00000000e0000000, 0x00000000e6c80000, 0x00000000f5580000)
  object space 111104K, 9% used [0x00000000e0000000,0x00000000e09fc630,0x00000000e6c80000)
 Metaspace       used 26516K, capacity 27846K, committed 28032K, reserved 1073152K
  class space    used 3894K, capacity 4145K, committed 4224K, reserved 1048576K
}
Event: 13.823 GC heap before
{Heap before GC invocations=5 (full 1):
 PSYoungGen      total 76288K, used 72050K [0x00000000f5580000, 0x00000000fca80000, 0x0000000100000000)
  eden space 65536K, 100% used [0x00000000f5580000,0x00000000f9580000,0x00000000f9580000)
  from space 10752K, 60% used [0x00000000f9580000,0x00000000f9bdcac8,0x00000000fa000000)
  to   space 10752K, 0% used [0x00000000fc000000,0x00000000fc000000,0x00000000fca80000)
 ParOldGen       total 111104K, used 10225K [0x00000000e0000000, 0x00000000e6c80000, 0x00000000f5580000)
  object space 111104K, 9% used [0x00000000e0000000,0x00000000e09fc630,0x00000000e6c80000)
 Metaspace       used 29462K, capacity 30978K, committed 31232K, reserved 1075200K
  class space    used 4290K, capacity 4579K, committed 4608K, reserved 1048576K
Event: 13.950 GC heap after
Heap after GC invocations=5 (full 1):
 PSYoungGen      total 109056K, used 7931K [0x00000000f5580000, 0x00000000fd900000, 0x0000000100000000)
  eden space 98304K, 0% used [0x00000000f5580000,0x00000000f5580000,0x00000000fb580000)
  from space 10752K, 73% used [0x00000000fc000000,0x00000000fc7bec20,0x00000000fca80000)
  to   space 10752K, 0% used [0x00000000fb580000,0x00000000fb580000,0x00000000fc000000)
 ParOldGen       total 111104K, used 10297K [0x00000000e0000000, 0x00000000e6c80000, 0x00000000f5580000)
  object space 111104K, 9% used [0x00000000e0000000,0x00000000e0a0e640,0x00000000e6c80000)
 Metaspace       used 29462K, capacity 30978K, committed 31232K, reserved 1075200K
  class space    used 4290K, capacity 4579K, committed 4608K, reserved 1048576K
}
Event: 17.726 GC heap before
{Heap before GC invocations=6 (full 1):
 PSYoungGen      total 109056K, used 69766K [0x00000000f5580000, 0x00000000fd900000, 0x0000000100000000)
  eden space 98304K, 62% used [0x00000000f5580000,0x00000000f91e2d70,0x00000000fb580000)
  from space 10752K, 73% used [0x00000000fc000000,0x00000000fc7bec20,0x00000000fca80000)
  to   space 10752K, 0% used [0x00000000fb580000,0x00000000fb580000,0x00000000fc000000)
 ParOldGen       total 111104K, used 10297K [0x00000000e0000000, 0x00000000e6c80000, 0x00000000f5580000)
  object space 111104K, 9% used [0x00000000e0000000,0x00000000e0a0e640,0x00000000e6c80000)
 Metaspace       used 33488K, capacity 35362K, committed 35416K, reserved 1079296K
  class space    used 4766K, capacity 5099K, committed 5120K, reserved 1048576K
Event: 17.793 GC heap after
Heap after GC invocations=6 (full 1):
 PSYoungGen      total 109056K, used 7289K [0x00000000f5580000, 0x0000000100000000, 0x0000000100000000)
  eden space 98304K, 0% used [0x00000000f5580000,0x00000000f5580000,0x00000000fb580000)
  from space 10752K, 67% used [0x00000000fb580000,0x00000000fbc9e7d0,0x00000000fc000000)
  to   space 11264K, 0% used [0x00000000ff500000,0x00000000ff500000,0x0000000100000000)
 ParOldGen       total 111104K, used 10305K [0x00000000e0000000, 0x00000000e6c80000, 0x00000000f5580000)
  object space 111104K, 9% used [0x00000000e0000000,0x00000000e0a10640,0x00000000e6c80000)
 Metaspace       used 33488K, capacity 35362K, committed 35416K, reserved 1079296K
  class space    used 4766K, capacity 5099K, committed 5120K, reserved 1048576K
}
Event: 17.793 GC heap before
{Heap before GC invocations=7 (full 2):
 PSYoungGen      total 109056K, used 7289K [0x00000000f5580000, 0x0000000100000000, 0x0000000100000000)
  eden space 98304K, 0% used [0x00000000f5580000,0x00000000f5580000,0x00000000fb580000)
  from space 10752K, 67% used [0x00000000fb580000,0x00000000fbc9e7d0,0x00000000fc000000)
  to   space 11264K, 0% used [0x00000000ff500000,0x00000000ff500000,0x0000000100000000)
 ParOldGen       total 111104K, used 10305K [0x00000000e0000000, 0x00000000e6c80000, 0x00000000f5580000)
  object space 111104K, 9% used [0x00000000e0000000,0x00000000e0a10640,0x00000000e6c80000)
 Metaspace       used 33488K, capacity 35362K, committed 35416K, reserved 1079296K
  class space    used 4766K, capacity 5099K, committed 5120K, reserved 1048576K
Event: 17.914 GC heap after
Heap after GC invocations=7 (full 2):
 PSYoungGen      total 109056K, used 0K [0x00000000f5580000, 0x0000000100000000, 0x0000000100000000)
  eden space 98304K, 0% used [0x00000000f5580000,0x00000000f5580000,0x00000000fb580000)
  from space 10752K, 0% used [0x00000000fb580000,0x00000000fb580000,0x00000000fc000000)
  to   space 11264K, 0% used [0x00000000ff500000,0x00000000ff500000,0x0000000100000000)
 ParOldGen       total 151040K, used 12512K [0x00000000e0000000, 0x00000000e9380000, 0x00000000f5580000)
  object space 151040K, 8% used [0x00000000e0000000,0x00000000e0c38160,0x00000000e9380000)
 Metaspace       used 33488K, capacity 35362K, committed 35416K, reserved 1079296K
  class space    used 4766K, capacity 5099K, committed 5120K, reserved 1048576K
}

